17:17:02 **** Incremental Build of configuration Debug for project CTRL_ECU ****
make all 
Building file: ../CONTROL_ECU.c
Invoking: AVR Compiler
avr-gcc -Wall -g2 -gstabs -O0 -fpack-struct -fshort-enums -ffunction-sections -fdata-sections -std=gnu99 -funsigned-char -funsigned-bitfields -mmcu=atmega16 -DF_CPU=1000000UL -MMD -MP -MF"CONTROL_ECU.d" -MT"CONTROL_ECU.o" -c -o "CONTROL_ECU.o" "../CONTROL_ECU.c"
In file included from ../micro_config.h:22,
                 from ../timer1.h:13,
                 from ../door_lock_control.h:11,
                 from ../CONTROL_ECU.c:9:
c:/winavr-20100110/lib/gcc/../../avr/include/util/delay.h:90:3: warning: #warning "Compiler optimizations disabled; functions from <util/delay.h> won't work as designed"
Finished building: ../CONTROL_ECU.c
 
Building target: CTRL_ECU.elf
Invoking: AVR C Linker
avr-gcc -Wl,-Map,CTRL_ECU.map -mmcu=atmega16 -o "CTRL_ECU.elf"  ./CONTROL_ECU.o ./door_lock_control.o ./external_eeprom.o ./i2c.o ./lcd.o ./timer1.o ./uart.o ./wd_timer.o   
Finished building target: CTRL_ECU.elf
 
Invoking: AVR Create Extended Listing
avr-objdump -h -S CTRL_ECU.elf  >"CTRL_ECU.lss"
Finished building: CTRL_ECU.lss
 
Invoking: Print Size
avr-size --format=avr --mcu=atmega16 CTRL_ECU.elf
AVR Memory Usage
----------------
Device: atmega16

Program:   10380 bytes (63.4% Full)
(.text + .data + .bootloader)

Data:         18 bytes (1.8% Full)
(.data + .bss + .noinit)


Finished building: sizedummy
 

17:17:03 Build Finished. 0 errors, 1 warnings. (took 729ms)

